m p
malla
mama
mamut
mandarina
mano
marca
marcacion
marcador
maria
materno
maxima
maximo
mayo
mayor
mayordomo
media
medicar
medico
meditar
melon
memoria
mendieta
mendigo
mendoza
menta
mente
mentira
miedo
miga
migrar
mio
mono
monte
pala
palanca
palca
palco
palo
paloma
panama
panda
pando
pandora
panico
pantalla
papera
papilla
para
paragua
pardo
partido
pasado
paspar
patin
pato
pelota
penado
penal
pescado
pescar
pez
planta
poco
podio
protesta
puesto
